<?xml version="1.0" encoding="UTF-8"?>
<!-- Generated by org.testng.reporters.JUnitReportReporter -->
<testsuite hostname="DESKTOP-HBIDNJF" failures="0" tests="9" name="APITest.BookTest" time="0.241" errors="0" timestamp="2025-09-15T14:38:24 IST" skipped="0">
  <testcase classname="APITest.BookTest" name="testGetAllBooks" time="0.018"/>
  <testcase classname="APITest.BookTest" name="testUpdateBookInvalidId" time="0.033"/>
  <testcase classname="APITest.BookTest" name="testGetBook" time="0.036"/>
  <testcase classname="APITest.BookTest" name="testGetAllBooksUnauthorized" time="0.017"/>
  <testcase classname="APITest.BookTest" name="testGetBookNonExistingId" time="0.024"/>
  <testcase classname="APITest.BookTest" name="testCreateBook" time="0.039"/>
  <testcase classname="APITest.BookTest" name="testUpdateBook" time="0.035"/>
  <testcase classname="APITest.BookTest" name="testCreateBookMissingFields" time="0.009"/>
  <testcase classname="APITest.BookTest" name="testDeleteBook" time="0.030"/>
</testsuite> <!-- APITest.BookTest -->
