<?xml version="1.0" encoding="UTF-8"?>
<!-- Generated by org.testng.reporters.JUnitReportReporter -->
<testsuite hostname="DESKTOP-HBIDNJF" failures="0" tests="5" name="APITest.BookTest" time="0.170" errors="0" timestamp="2025-09-13T20:42:32 IST" skipped="0">
  <testcase classname="APITest.BookTest" name="testGetBook" time="0.030"/>
  <testcase classname="APITest.BookTest" name="testCreateBook" time="0.058"/>
  <testcase classname="APITest.BookTest" name="testGetAllBooks" time="0.021"/>
  <testcase classname="APITest.BookTest" name="testUpdateBook" time="0.031"/>
  <testcase classname="APITest.BookTest" name="testDeleteBook" time="0.030"/>
</testsuite> <!-- APITest.BookTest -->
